TN:
SF:src\middleware\auth.ts
FN:14,authenticateUser
FN:42,requireAdmin
FN:50,requireAffiliate
FN:57,requireDriver
FNF:4
FNH:0
FNDA:0,authenticateUser
FNDA:0,requireAdmin
FNDA:0,requireAffiliate
FNDA:0,requireDriver
DA:2,1
DA:14,1
DA:15,0
DA:16,0
DA:18,0
DA:19,0
DA:22,0
DA:24,0
DA:25,0
DA:29,0
DA:32,0
DA:34,0
DA:36,0
DA:37,0
DA:42,1
DA:43,0
DA:44,0
DA:46,0
DA:50,1
DA:51,0
DA:52,0
DA:54,0
DA:57,1
DA:58,0
DA:59,0
DA:61,0
LF:26
LH:5
BRDA:18,0,0,0
BRDA:18,1,0,0
BRDA:18,1,1,0
BRDA:18,2,0,0
BRDA:18,2,1,0
BRDA:24,3,0,0
BRDA:43,4,0,0
BRDA:43,5,0,0
BRDA:43,5,1,0
BRDA:51,6,0,0
BRDA:51,7,0,0
BRDA:51,7,1,0
BRDA:58,8,0,0
BRDA:58,9,0,0
BRDA:58,9,1,0
BRF:15
BRH:0
end_of_record
TN:
SF:src\routes\users.ts
FN:7,(anonymous_1)
FN:12,(anonymous_2)
FNF:2
FNH:0
FNDA:0,(anonymous_1)
FNDA:0,(anonymous_2)
DA:1,1
DA:2,1
DA:4,1
DA:7,1
DA:8,0
DA:12,1
DA:16,1
LF:7
LH:6
BRF:0
BRH:0
end_of_record
TN:
SF:src\services\firebase.ts
FNF:0
FNH:0
DA:1,1
DA:4,1
DA:6,1
DA:10,1
DA:11,1
DA:14,1
DA:15,1
DA:16,1
DA:17,1
LF:9
LH:9
BRF:0
BRH:0
end_of_record
